# JRE version: OpenJDK Runtime Environment Temurin-17.0.4.1+1 (17.0.4.1+1) (build 17.0.4.1+1)
# Java VM: OpenJDK 64-Bit Server VM Temurin-17.0.4.1+1 (17.0.4.1+1, mixed mode, tiered, compressed oops, compressed class ptrs, g1 gc, windows-amd64)
GC Precious Log:
 CPUs: 8 total, 8 available
 Memory: 8072M
 Large Page Support: Disabled
 NUMA Support: Disabled
 Compressed Oops: Enabled (32-bit)
 Heap Region Size: 1M
 Heap Min Capacity: 8M
 Heap Initial Capacity: 128M
 Heap Max Capacity: 512M
 Pre-touch: Disabled
 Parallel Workers: 8
 Concurrent Workers: 2
 Concurrent Refinement Workers: 8
 Periodic GC: Disabled
Heap:
 garbage-first heap   total 40960K, used 17770K [0x00000000e0000000, 0x0000000100000000)
  region size 1024K, 2 young (2048K), 2 survivors (2048K)
 Metaspace       used 44402K, committed 44672K, reserved 1089536K
  class space    used 5595K, committed 5696K, reserved 1048576K
GC Heap History (20 events):
Event: 1.403 GC heap after
{Heap after GC invocations=2 (full 0):
 garbage-first heap   total 131072K, used 10248K [0x00000000e0000000, 0x0000000100000000)
  region size 1024K, 3 young (3072K), 3 survivors (3072K)
 Metaspace       used 21332K, committed 21504K, reserved 1073152K
  class space    used 2437K, committed 2496K, reserved 1048576K
}
Event: 1.590 GC heap before
{Heap before GC invocations=3 (full 0):
 garbage-first heap   total 40960K, used 28680K [0x00000000e0000000, 0x0000000100000000)
  region size 1024K, 22 young (22528K), 3 survivors (3072K)
 Metaspace       used 26293K, committed 26496K, reserved 1073152K
  class space    used 3019K, committed 3136K, reserved 1048576K
}
Event: 1.593 GC heap after
{Heap after GC invocations=4 (full 0):
 garbage-first heap   total 40960K, used 11055K [0x00000000e0000000, 0x0000000100000000)
  region size 1024K, 4 young (4096K), 4 survivors (4096K)
 Metaspace       used 26293K, committed 26496K, reserved 1073152K
  class space    used 3019K, committed 3136K, reserved 1048576K
}
Event: 1.600 GC heap before
{Heap before GC invocations=4 (full 0):
 garbage-first heap   total 40960K, used 12079K [0x00000000e0000000, 0x0000000100000000)
  region size 1024K, 5 young (5120K), 4 survivors (4096K)
 Metaspace       used 26496K, committed 26752K, reserved 1073152K
  class space    used 3052K, committed 3200K, reserved 1048576K
}
Event: 1.614 GC heap after
{Heap after GC invocations=5 (full 0):
 garbage-first heap   total 40960K, used 11415K [0x00000000e0000000, 0x0000000100000000)
  region size 1024K, 1 young (1024K), 1 survivors (1024K)
 Metaspace       used 26496K, committed 26752K, reserved 1073152K
  class space    used 3052K, committed 3200K, reserved 1048576K
}
Event: 1.816 GC heap before
{Heap before GC invocations=5 (full 0):
 garbage-first heap   total 40960K, used 28823K [0x00000000e0000000, 0x0000000100000000)
  region size 1024K, 18 young (18432K), 1 survivors (1024K)
 Metaspace       used 28769K, committed 28992K, reserved 1081344K
  class space    used 3345K, committed 3456K, reserved 1048576K
}
Event: 1.817 GC heap after
{Heap after GC invocations=6 (full 0):
 garbage-first heap   total 40960K, used 12412K [0x00000000e0000000, 0x0000000100000000)
  region size 1024K, 2 young (2048K), 2 survivors (2048K)
 Metaspace       used 28769K, committed 28992K, reserved 1081344K
  class space    used 3345K, committed 3456K, reserved 1048576K
}
Event: 2.121 GC heap before
{Heap before GC invocations=6 (full 0):
 garbage-first heap   total 40960K, used 29820K [0x00000000e0000000, 0x0000000100000000)
  region size 1024K, 19 young (19456K), 2 survivors (2048K)
 Metaspace       used 30917K, committed 31168K, reserved 1081344K
  class space    used 3625K, committed 3776K, reserved 1048576K
}
Event: 2.123 GC heap after
{Heap after GC invocations=7 (full 0):
 garbage-first heap   total 40960K, used 13209K [0x00000000e0000000, 0x0000000100000000)
  region size 1024K, 3 young (3072K), 3 survivors (3072K)
 Metaspace       used 30917K, committed 31168K, reserved 1081344K
  class space    used 3625K, committed 3776K, reserved 1048576K
}
Event: 2.613 GC heap before
{Heap before GC invocations=7 (full 0):
 garbage-first heap   total 40960K, used 30617K [0x00000000e0000000, 0x0000000100000000)
  region size 1024K, 20 young (20480K), 3 survivors (3072K)
 Metaspace       used 33497K, committed 33792K, reserved 1081344K
  class space    used 3995K, committed 4160K, reserved 1048576K
}
Event: 2.619 GC heap after
{Heap after GC invocations=8 (full 0):
 garbage-first heap   total 40960K, used 14660K [0x00000000e0000000, 0x0000000100000000)
  region size 1024K, 3 young (3072K), 3 survivors (3072K)
 Metaspace       used 33497K, committed 33792K, reserved 1081344K
  class space    used 3995K, committed 4160K, reserved 1048576K
}
Event: 3.030 GC heap before
{Heap before GC invocations=8 (full 0):
 garbage-first heap   total 40960K, used 31044K [0x00000000e0000000, 0x0000000100000000)
  region size 1024K, 19 young (19456K), 3 survivors (3072K)
 Metaspace       used 35469K, committed 35776K, reserved 1081344K
  class space    used 4280K, committed 4416K, reserved 1048576K
}
Event: 3.037 GC heap after
{Heap after GC invocations=9 (full 0):
 garbage-first heap   total 40960K, used 16012K [0x00000000e0000000, 0x0000000100000000)
  region size 1024K, 3 young (3072K), 3 survivors (3072K)
 Metaspace       used 35469K, committed 35776K, reserved 1081344K
  class space    used 4280K, committed 4416K, reserved 1048576K
}
Event: 3.051 GC heap before
{Heap before GC invocations=9 (full 0):
 garbage-first heap   total 40960K, used 16012K [0x00000000e0000000, 0x0000000100000000)
  region size 1024K, 4 young (4096K), 3 survivors (3072K)
 Metaspace       used 35711K, committed 35968K, reserved 1081344K
  class space    used 4296K, committed 4416K, reserved 1048576K
}
Event: 3.056 GC heap after
{Heap after GC invocations=10 (full 0):
 garbage-first heap   total 40960K, used 16193K [0x00000000e0000000, 0x0000000100000000)
  region size 1024K, 2 young (2048K), 2 survivors (2048K)
 Metaspace       used 35711K, committed 35968K, reserved 1081344K
  class space    used 4296K, committed 4416K, reserved 1048576K
}
Event: 3.594 GC heap before
{Heap before GC invocations=11 (full 0):
 garbage-first heap   total 40960K, used 31553K [0x00000000e0000000, 0x0000000100000000)
  region size 1024K, 17 young (17408K), 2 survivors (2048K)
 Metaspace       used 39520K, committed 39872K, reserved 1089536K
  class space    used 4898K, committed 5056K, reserved 1048576K
}
Event: 3.598 GC heap after
{Heap after GC invocations=12 (full 0):
 garbage-first heap   total 40960K, used 16784K [0x00000000e0000000, 0x0000000100000000)
  region size 1024K, 3 young (3072K), 3 survivors (3072K)
 Metaspace       used 39520K, committed 39872K, reserved 1089536K
  class space    used 4898K, committed 5056K, reserved 1048576K
}
Event: 3.625 GC heap before
{Heap before GC invocations=12 (full 0):
 garbage-first heap   total 40960K, used 17808K [0x00000000e0000000, 0x0000000100000000)
  region size 1024K, 4 young (4096K), 3 survivors (3072K)
 Metaspace       used 39874K, committed 40192K, reserved 1089536K
  class space    used 4987K, committed 5120K, reserved 1048576K
}
Event: 3.633 GC heap after
{Heap after GC invocations=13 (full 0):
 garbage-first heap   total 40960K, used 16946K [0x00000000e0000000, 0x0000000100000000)
  region size 1024K, 1 young (1024K), 1 survivors (1024K)
 Metaspace       used 39874K, committed 40192K, reserved 1089536K
  class space    used 4987K, committed 5120K, reserved 1048576K
}
Event: 4.120 GC heap before
{Heap before GC invocations=13 (full 0):
 garbage-first heap   total 40960K, used 31282K [0x00000000e0000000, 0x0000000100000000)
  region size 1024K, 16 young (16384K), 1 survivors (1024K)
 Metaspace       used 44402K, committed 44672K, reserved 1089536K
  class space    used 5595K, committed 5696K, reserved 1048576K
}

