# JRE version: OpenJDK Runtime Environment Temurin-17.0.4.1+1 (17.0.4.1+1) (build 17.0.4.1+1)
# Java VM: OpenJDK 64-Bit Server VM Temurin-17.0.4.1+1 (17.0.4.1+1, mixed mode, tiered, compressed oops, compressed class ptrs, g1 gc, windows-amd64)
GC Precious Log:
 CPUs: 8 total, 8 available
 Memory: 8072M
 Large Page Support: Disabled
 NUMA Support: Disabled
 Compressed Oops: Enabled (32-bit)
 Heap Region Size: 1M
 Heap Min Capacity: 8M
 Heap Initial Capacity: 128M
 Heap Max Capacity: 512M
 Pre-touch: Disabled
 Parallel Workers: 8
 Concurrent Workers: 2
 Concurrent Refinement Workers: 8
 Periodic GC: Disabled
Heap:
 garbage-first heap   total 53248K, used 37290K [0x00000000e0000000, 0x0000000100000000)
  region size 1024K, 12 young (12288K), 2 survivors (2048K)
 Metaspace       used 62185K, committed 62528K, reserved 1105920K
  class space    used 8164K, committed 8320K, reserved 1048576K
GC Heap History (20 events):
Event: 3.764 GC heap before
{Heap before GC invocations=11 (full 0):
 garbage-first heap   total 46080K, used 33387K [0x00000000e0000000, 0x0000000100000000)
  region size 1024K, 19 young (19456K), 2 survivors (2048K)
 Metaspace       used 45381K, committed 45696K, reserved 1089536K
  class space    used 5730K, committed 5888K, reserved 1048576K
}
Event: 3.768 GC heap after
{Heap after GC invocations=12 (full 0):
 garbage-first heap   total 46080K, used 18328K [0x00000000e0000000, 0x0000000100000000)
  region size 1024K, 3 young (3072K), 3 survivors (3072K)
 Metaspace       used 45381K, committed 45696K, reserved 1089536K
  class space    used 5730K, committed 5888K, reserved 1048576K
}
Event: 4.209 GC heap before
{Heap before GC invocations=12 (full 0):
 garbage-first heap   total 46080K, used 35736K [0x00000000e0000000, 0x0000000100000000)
  region size 1024K, 20 young (20480K), 3 survivors (3072K)
 Metaspace       used 49268K, committed 49600K, reserved 1097728K
  class space    used 6311K, committed 6464K, reserved 1048576K
}
Event: 4.213 GC heap after
{Heap after GC invocations=13 (full 0):
 garbage-first heap   total 46080K, used 19595K [0x00000000e0000000, 0x0000000100000000)
  region size 1024K, 3 young (3072K), 3 survivors (3072K)
 Metaspace       used 49268K, committed 49600K, reserved 1097728K
  class space    used 6311K, committed 6464K, reserved 1048576K
}
Event: 4.696 GC heap before
{Heap before GC invocations=13 (full 0):
 garbage-first heap   total 46080K, used 35979K [0x00000000e0000000, 0x0000000100000000)
  region size 1024K, 19 young (19456K), 3 survivors (3072K)
 Metaspace       used 52315K, committed 52672K, reserved 1097728K
  class space    used 6754K, committed 6912K, reserved 1048576K
}
Event: 4.701 GC heap after
{Heap after GC invocations=14 (full 0):
 garbage-first heap   total 46080K, used 20712K [0x00000000e0000000, 0x0000000100000000)
  region size 1024K, 3 young (3072K), 3 survivors (3072K)
 Metaspace       used 52315K, committed 52672K, reserved 1097728K
  class space    used 6754K, committed 6912K, reserved 1048576K
}
Event: 5.022 GC heap before
{Heap before GC invocations=14 (full 0):
 garbage-first heap   total 46080K, used 36072K [0x00000000e0000000, 0x0000000100000000)
  region size 1024K, 18 young (18432K), 3 survivors (3072K)
 Metaspace       used 54377K, committed 54656K, reserved 1097728K
  class space    used 7035K, committed 7168K, reserved 1048576K
}
Event: 5.026 GC heap after
{Heap after GC invocations=15 (full 0):
 garbage-first heap   total 46080K, used 21818K [0x00000000e0000000, 0x0000000100000000)
  region size 1024K, 3 young (3072K), 3 survivors (3072K)
 Metaspace       used 54377K, committed 54656K, reserved 1097728K
  class space    used 7035K, committed 7168K, reserved 1048576K
}
Event: 5.390 GC heap before
{Heap before GC invocations=15 (full 0):
 garbage-first heap   total 46080K, used 36154K [0x00000000e0000000, 0x0000000100000000)
  region size 1024K, 17 young (17408K), 3 survivors (3072K)
 Metaspace       used 57129K, committed 57408K, reserved 1105920K
  class space    used 7374K, committed 7488K, reserved 1048576K
}
Event: 5.396 GC heap after
{Heap after GC invocations=16 (full 0):
 garbage-first heap   total 46080K, used 22589K [0x00000000e0000000, 0x0000000100000000)
  region size 1024K, 2 young (2048K), 2 survivors (2048K)
 Metaspace       used 57129K, committed 57408K, reserved 1105920K
  class space    used 7374K, committed 7488K, reserved 1048576K
}
Event: 5.753 GC heap before
{Heap before GC invocations=16 (full 0):
 garbage-first heap   total 46080K, used 36925K [0x00000000e0000000, 0x0000000100000000)
  region size 1024K, 16 young (16384K), 2 survivors (2048K)
 Metaspace       used 58244K, committed 58624K, reserved 1105920K
  class space    used 7552K, committed 7744K, reserved 1048576K
}
Event: 5.759 GC heap after
{Heap after GC invocations=17 (full 0):
 garbage-first heap   total 46080K, used 24091K [0x00000000e0000000, 0x0000000100000000)
  region size 1024K, 2 young (2048K), 2 survivors (2048K)
 Metaspace       used 58244K, committed 58624K, reserved 1105920K
  class space    used 7552K, committed 7744K, reserved 1048576K
}
Event: 6.050 GC heap before
{Heap before GC invocations=18 (full 0):
 garbage-first heap   total 46080K, used 35355K [0x00000000e0000000, 0x0000000100000000)
  region size 1024K, 14 young (14336K), 2 survivors (2048K)
 Metaspace       used 58659K, committed 59008K, reserved 1105920K
  class space    used 7642K, committed 7808K, reserved 1048576K
}
Event: 6.056 GC heap after
{Heap after GC invocations=19 (full 0):
 garbage-first heap   total 46080K, used 25849K [0x00000000e0000000, 0x0000000100000000)
  region size 1024K, 2 young (2048K), 2 survivors (2048K)
 Metaspace       used 58659K, committed 59008K, reserved 1105920K
  class space    used 7642K, committed 7808K, reserved 1048576K
}
Event: 6.293 GC heap before
{Heap before GC invocations=19 (full 0):
 garbage-first heap   total 46080K, used 37113K [0x00000000e0000000, 0x0000000100000000)
  region size 1024K, 13 young (13312K), 2 survivors (2048K)
 Metaspace       used 59737K, committed 60096K, reserved 1105920K
  class space    used 7797K, committed 8000K, reserved 1048576K
}
Event: 6.298 GC heap after
{Heap after GC invocations=20 (full 0):
 garbage-first heap   total 46080K, used 26992K [0x00000000e0000000, 0x0000000100000000)
  region size 1024K, 2 young (2048K), 2 survivors (2048K)
 Metaspace       used 59737K, committed 60096K, reserved 1105920K
  class space    used 7797K, committed 8000K, reserved 1048576K
}
Event: 6.532 GC heap before
{Heap before GC invocations=21 (full 0):
 garbage-first heap   total 51200K, used 36208K [0x00000000e0000000, 0x0000000100000000)
  region size 1024K, 11 young (11264K), 2 survivors (2048K)
 Metaspace       used 60222K, committed 60544K, reserved 1105920K
  class space    used 7860K, committed 8000K, reserved 1048576K
}
Event: 6.535 GC heap after
{Heap after GC invocations=22 (full 0):
 garbage-first heap   total 51200K, used 27673K [0x00000000e0000000, 0x0000000100000000)
  region size 1024K, 2 young (2048K), 2 survivors (2048K)
 Metaspace       used 60222K, committed 60544K, reserved 1105920K
  class space    used 7860K, committed 8000K, reserved 1048576K
}
Event: 6.805 GC heap before
{Heap before GC invocations=22 (full 0):
 garbage-first heap   total 51200K, used 40985K [0x00000000e0000000, 0x0000000100000000)
  region size 1024K, 15 young (15360K), 2 survivors (2048K)
 Metaspace       used 60635K, committed 60992K, reserved 1105920K
  class space    used 7915K, committed 8064K, reserved 1048576K
}
Event: 6.811 GC heap after
{Heap after GC invocations=23 (full 0):
 garbage-first heap   total 51200K, used 29098K [0x00000000e0000000, 0x0000000100000000)
  region size 1024K, 2 young (2048K), 2 survivors (2048K)
 Metaspace       used 60635K, committed 60992K, reserved 1105920K
  class space    used 7915K, committed 8064K, reserved 1048576K
}

