# JRE version: OpenJDK Runtime Environment Temurin-17.0.4.1+1 (17.0.4.1+1) (build 17.0.4.1+1)
# Java VM: OpenJDK 64-Bit Server VM Temurin-17.0.4.1+1 (17.0.4.1+1, mixed mode, tiered, compressed oops, compressed class ptrs, g1 gc, windows-amd64)
GC Precious Log:
 CPUs: 8 total, 8 available
 Memory: 8072M
 Large Page Support: Disabled
 NUMA Support: Disabled
 Compressed Oops: Enabled (32-bit)
 Heap Region Size: 1M
 Heap Min Capacity: 8M
 Heap Initial Capacity: 128M
 Heap Max Capacity: 512M
 Pre-touch: Disabled
 Parallel Workers: 8
 Concurrent Workers: 2
 Concurrent Refinement Workers: 8
 Periodic GC: Disabled
Heap:
 garbage-first heap   total 40960K, used 18129K [0x00000000e0000000, 0x0000000100000000)
  region size 1024K, 2 young (2048K), 2 survivors (2048K)
 Metaspace       used 44020K, committed 44352K, reserved 1089536K
  class space    used 5542K, committed 5696K, reserved 1048576K
GC Heap History (20 events):
Event: 1.377 GC heap after
{Heap after GC invocations=2 (full 0):
 garbage-first heap   total 131072K, used 10195K [0x00000000e0000000, 0x0000000100000000)
  region size 1024K, 3 young (3072K), 3 survivors (3072K)
 Metaspace       used 21326K, committed 21504K, reserved 1073152K
  class space    used 2435K, committed 2496K, reserved 1048576K
}
Event: 1.539 GC heap before
{Heap before GC invocations=3 (full 0):
 garbage-first heap   total 40960K, used 28627K [0x00000000e0000000, 0x0000000100000000)
  region size 1024K, 22 young (22528K), 3 survivors (3072K)
 Metaspace       used 26295K, committed 26496K, reserved 1073152K
  class space    used 3023K, committed 3136K, reserved 1048576K
}
Event: 1.541 GC heap after
{Heap after GC invocations=4 (full 0):
 garbage-first heap   total 40960K, used 11063K [0x00000000e0000000, 0x0000000100000000)
  region size 1024K, 4 young (4096K), 4 survivors (4096K)
 Metaspace       used 26295K, committed 26496K, reserved 1073152K
  class space    used 3023K, committed 3136K, reserved 1048576K
}
Event: 1.547 GC heap before
{Heap before GC invocations=4 (full 0):
 garbage-first heap   total 40960K, used 12087K [0x00000000e0000000, 0x0000000100000000)
  region size 1024K, 5 young (5120K), 4 survivors (4096K)
 Metaspace       used 26498K, committed 26688K, reserved 1073152K
  class space    used 3053K, committed 3136K, reserved 1048576K
}
Event: 1.549 GC heap after
{Heap after GC invocations=5 (full 0):
 garbage-first heap   total 40960K, used 11388K [0x00000000e0000000, 0x0000000100000000)
  region size 1024K, 1 young (1024K), 1 survivors (1024K)
 Metaspace       used 26498K, committed 26688K, reserved 1073152K
  class space    used 3053K, committed 3136K, reserved 1048576K
}
Event: 1.794 GC heap before
{Heap before GC invocations=5 (full 0):
 garbage-first heap   total 40960K, used 27772K [0x00000000e0000000, 0x0000000100000000)
  region size 1024K, 18 young (18432K), 1 survivors (1024K)
 Metaspace       used 28771K, committed 28992K, reserved 1081344K
  class space    used 3345K, committed 3456K, reserved 1048576K
}
Event: 1.796 GC heap after
{Heap after GC invocations=6 (full 0):
 garbage-first heap   total 40960K, used 12364K [0x00000000e0000000, 0x0000000100000000)
  region size 1024K, 2 young (2048K), 2 survivors (2048K)
 Metaspace       used 28771K, committed 28992K, reserved 1081344K
  class space    used 3345K, committed 3456K, reserved 1048576K
}
Event: 2.107 GC heap before
{Heap before GC invocations=6 (full 0):
 garbage-first heap   total 40960K, used 29772K [0x00000000e0000000, 0x0000000100000000)
  region size 1024K, 19 young (19456K), 2 survivors (2048K)
 Metaspace       used 30903K, committed 31104K, reserved 1081344K
  class space    used 3625K, committed 3712K, reserved 1048576K
}
Event: 2.110 GC heap after
{Heap after GC invocations=7 (full 0):
 garbage-first heap   total 40960K, used 13268K [0x00000000e0000000, 0x0000000100000000)
  region size 1024K, 3 young (3072K), 3 survivors (3072K)
 Metaspace       used 30903K, committed 31104K, reserved 1081344K
  class space    used 3625K, committed 3712K, reserved 1048576K
}
Event: 2.528 GC heap before
{Heap before GC invocations=7 (full 0):
 garbage-first heap   total 40960K, used 30676K [0x00000000e0000000, 0x0000000100000000)
  region size 1024K, 20 young (20480K), 3 survivors (3072K)
 Metaspace       used 33493K, committed 33792K, reserved 1081344K
  class space    used 3996K, committed 4160K, reserved 1048576K
}
Event: 2.532 GC heap after
{Heap after GC invocations=8 (full 0):
 garbage-first heap   total 40960K, used 14717K [0x00000000e0000000, 0x0000000100000000)
  region size 1024K, 3 young (3072K), 3 survivors (3072K)
 Metaspace       used 33493K, committed 33792K, reserved 1081344K
  class space    used 3996K, committed 4160K, reserved 1048576K
}
Event: 2.809 GC heap before
{Heap before GC invocations=8 (full 0):
 garbage-first heap   total 40960K, used 31101K [0x00000000e0000000, 0x0000000100000000)
  region size 1024K, 19 young (19456K), 3 survivors (3072K)
 Metaspace       used 35465K, committed 35776K, reserved 1081344K
  class space    used 4280K, committed 4416K, reserved 1048576K
}
Event: 2.812 GC heap after
{Heap after GC invocations=9 (full 0):
 garbage-first heap   total 40960K, used 16109K [0x00000000e0000000, 0x0000000100000000)
  region size 1024K, 2 young (2048K), 2 survivors (2048K)
 Metaspace       used 35465K, committed 35776K, reserved 1081344K
  class space    used 4280K, committed 4416K, reserved 1048576K
}
Event: 2.818 GC heap before
{Heap before GC invocations=9 (full 0):
 garbage-first heap   total 40960K, used 16109K [0x00000000e0000000, 0x0000000100000000)
  region size 1024K, 3 young (3072K), 2 survivors (2048K)
 Metaspace       used 35683K, committed 35968K, reserved 1081344K
  class space    used 4280K, committed 4416K, reserved 1048576K
}
Event: 2.820 GC heap after
{Heap after GC invocations=10 (full 0):
 garbage-first heap   total 40960K, used 16193K [0x00000000e0000000, 0x0000000100000000)
  region size 1024K, 2 young (2048K), 2 survivors (2048K)
 Metaspace       used 35683K, committed 35968K, reserved 1081344K
  class space    used 4280K, committed 4416K, reserved 1048576K
}
Event: 3.130 GC heap before
{Heap before GC invocations=11 (full 0):
 garbage-first heap   total 40960K, used 30529K [0x00000000e0000000, 0x0000000100000000)
  region size 1024K, 16 young (16384K), 2 survivors (2048K)
 Metaspace       used 39366K, committed 39744K, reserved 1089536K
  class space    used 4866K, committed 5056K, reserved 1048576K
}
Event: 3.132 GC heap after
{Heap after GC invocations=12 (full 0):
 garbage-first heap   total 40960K, used 16895K [0x00000000e0000000, 0x0000000100000000)
  region size 1024K, 1 young (1024K), 1 survivors (1024K)
 Metaspace       used 39366K, committed 39744K, reserved 1089536K
  class space    used 4866K, committed 5056K, reserved 1048576K
}
Event: 3.150 GC heap before
{Heap before GC invocations=12 (full 0):
 garbage-first heap   total 40960K, used 17919K [0x00000000e0000000, 0x0000000100000000)
  region size 1024K, 2 young (2048K), 1 survivors (1024K)
 Metaspace       used 39592K, committed 39936K, reserved 1089536K
  class space    used 4908K, committed 5056K, reserved 1048576K
}
Event: 3.153 GC heap after
{Heap after GC invocations=13 (full 0):
 garbage-first heap   total 40960K, used 16970K [0x00000000e0000000, 0x0000000100000000)
  region size 1024K, 1 young (1024K), 1 survivors (1024K)
 Metaspace       used 39592K, committed 39936K, reserved 1089536K
  class space    used 4908K, committed 5056K, reserved 1048576K
}
Event: 3.550 GC heap before
{Heap before GC invocations=13 (full 0):
 garbage-first heap   total 40960K, used 30282K [0x00000000e0000000, 0x0000000100000000)
  region size 1024K, 15 young (15360K), 1 survivors (1024K)
 Metaspace       used 44020K, committed 44352K, reserved 1089536K
  class space    used 5542K, committed 5696K, reserved 1048576K
}

